<?xml version="1.0" encoding="UTF-8"?>
<!-- Generated by org.testng.reporters.JUnitXMLReporter -->
<testsuite hostname="LAPTOP-A0JC31GU" ignored="0" name="Test" tests="5" failures="0" timestamp="27 Jun 2018 17:09:16 GMT" time="8.653" errors="0">
  <testcase name="@BeforeClass launchBrowser" time="8.377" classname="com.qait.hris.hrislogintest.MyTest">
    <failure type="java.lang.NullPointerException">
      <![CDATA[java.lang.NullPointerException
	at com.qait.hris.hrislogin.PageVerification.openbrowser(PageVerification.java:14)
	at com.qait.hris.hrislogintest.MyTest.launchBrowser(MyTest.java:23)
... Removed 25 stack frames]]>
    </failure>
  </testcase> <!-- @BeforeClass launchBrowser -->
  <testcase name="loginUsingInvalidCredentials" time="0.0" classname="com.qait.hris.hrislogintest.MyTest">
    <skipped/>
  </testcase> <!-- loginUsingInvalidCredentials -->
  <testcase name="loginUsingBlankCredentials" time="0.0" classname="com.qait.hris.hrislogintest.MyTest">
    <skipped/>
  </testcase> <!-- loginUsingBlankCredentials -->
  <testcase name="loginUsingCorrectUsername" time="0.0" classname="com.qait.hris.hrislogintest.MyTest">
    <skipped/>
  </testcase> <!-- loginUsingCorrectUsername -->
  <testcase name="loginUsingInvalidPassword" time="0.0" classname="com.qait.hris.hrislogintest.MyTest">
    <skipped/>
  </testcase> <!-- loginUsingInvalidPassword -->
  <testcase name="loginUsingCorrectCredentials" time="0.0" classname="com.qait.hris.hrislogintest.MyTest">
    <skipped/>
  </testcase> <!-- loginUsingCorrectCredentials -->
</testsuite> <!-- Test -->
